circle_pw/circle-pw-android-wallet/app/build/intermediates/manifest_merge_blame_file/debug/manifest-merger-blame-debug-report.txt
1<?xml version="1.0" encoding="utf-8"?>
2<manifest xmlns:android="http://schemas.android.com/apk/res/android"
3    package="com.circle.w3s.sample.wallet"
4    android:versionCode="1"
5    android:versionName="1.0" >
6
7    <uses-sdk
8        android:minSdkVersion="24"
8-->src\main\AndroidManifest.xml
9        android:targetSdkVersion="33" />
9-->src\main\AndroidManifest.xml
10
11    <uses-permission android:name="android.permission.INTERNET" />
11-->src\main\AndroidManifest.xml:4:5-67
11-->src\main\AndroidManifest.xml:4:22-64
12    <uses-permission android:name="android.permission.REORDER_TASKS" />
12-->[circle.programmablewallet:sdk:1.0.873] AndroidManifest.xml:11:5-72
12-->[circle.programmablewallet:sdk:1.0.873] AndroidManifest.xml:11:22-69
13    <uses-permission android:name="android.permission.USE_BIOMETRIC" /> <!-- suppress DeprecatedClassUsageInspection -->
13-->[androidx.biometric:biometric:1.1.0] AndroidManifest.xml:24:5-72
13-->[androidx.biometric:biometric:1.1.0] AndroidManifest.xml:24:22-69
14    <uses-permission android:name="android.permission.USE_FINGERPRINT" />
14-->[androidx.biometric:biometric:1.1.0] AndroidManifest.xml:27:5-74
14-->[androidx.biometric:biometric:1.1.0] AndroidManifest.xml:27:22-71
15
16    <permission
16-->[androidx.core:core:1.9.0] AndroidManifest.xml:22:5-24:47
17        android:name="com.circle.w3s.sample.wallet.DYNAMIC_RECEIVER_NOT_EXPORTED_PERMISSION"
17-->[androidx.core:core:1.9.0] AndroidManifest.xml:23:9-81
18        android:protectionLevel="signature" />
18-->[androidx.core:core:1.9.0] AndroidManifest.xml:24:9-44
19
20    <uses-permission android:name="com.circle.w3s.sample.wallet.DYNAMIC_RECEIVER_NOT_EXPORTED_PERMISSION" />
20-->[androidx.core:core:1.9.0] AndroidManifest.xml:26:5-97
20-->[androidx.core:core:1.9.0] AndroidManifest.xml:26:22-94
21
22    <application
22-->src\main\AndroidManifest.xml:5:5-58:19
23        android:allowBackup="false"
23-->src\main\AndroidManifest.xml:6:9-36
24        android:appComponentFactory="androidx.core.app.CoreComponentFactory"
24-->[androidx.core:core:1.9.0] AndroidManifest.xml:28:18-86
25        android:dataExtractionRules="@xml/data_extraction_rules"
25-->src\main\AndroidManifest.xml:8:9-65
26        android:debuggable="true"
27        android:extractNativeLibs="false"
28        android:fullBackupContent="@xml/backup_rules"
28-->src\main\AndroidManifest.xml:9:9-54
29        android:icon="@mipmap/ic_launcher"
29-->src\main\AndroidManifest.xml:10:9-43
30        android:label="@string/app_name"
30-->src\main\AndroidManifest.xml:11:9-41
31        android:roundIcon="@mipmap/ic_launcher_round"
31-->src\main\AndroidManifest.xml:12:9-54
32        android:supportsRtl="true"
32-->src\main\AndroidManifest.xml:13:9-35
33        android:taskAffinity=""
33-->src\main\AndroidManifest.xml:7:9-32
34        android:testOnly="true"
35        android:theme="@style/Theme.W3sSampleWallet" >
35-->src\main\AndroidManifest.xml:14:9-53
36        <activity
36-->src\main\AndroidManifest.xml:16:9-24:20
37            android:name="com.circle.w3s.sample.wallet.WalletCreationActivity"
37-->src\main\AndroidManifest.xml:17:13-51
38            android:exported="true" >
38-->src\main\AndroidManifest.xml:18:13-36
39            <intent-filter>
39-->src\main\AndroidManifest.xml:19:13-23:29
40                <action android:name="android.intent.action.MAIN" />
40-->src\main\AndroidManifest.xml:20:17-69
40-->src\main\AndroidManifest.xml:20:25-66
41
42                <category android:name="android.intent.category.LAUNCHER" />
42-->src\main\AndroidManifest.xml:22:17-77
42-->src\main\AndroidManifest.xml:22:27-74
43            </intent-filter>
44        </activity>
45        <activity
45-->src\main\AndroidManifest.xml:25:9-28:20
46            android:name="com.circle.w3s.sample.wallet.MainActivity"
46-->src\main\AndroidManifest.xml:26:13-41
47            android:exported="true" >
47-->src\main\AndroidManifest.xml:27:13-36
48        </activity>
49        <activity
49-->src\main\AndroidManifest.xml:29:9-31:52
50            android:name="com.circle.w3s.sample.wallet.CustomActivity"
50-->src\main\AndroidManifest.xml:30:13-43
51            android:screenOrientation="portrait" />
51-->src\main\AndroidManifest.xml:31:13-49
52        <activity
52-->src\main\AndroidManifest.xml:32:9-35:20
53            android:name="com.circle.w3s.sample.wallet.AcquireSessionTokenActivity"
53-->src\main\AndroidManifest.xml:33:13-56
54            android:exported="true" >
54-->src\main\AndroidManifest.xml:34:13-36
55        </activity>
56        <activity
56-->src\main\AndroidManifest.xml:36:9-39:20
57            android:name="com.circle.w3s.sample.wallet.InitialiseUserWalletActivity"
57-->src\main\AndroidManifest.xml:37:13-57
58            android:exported="true" >
58-->src\main\AndroidManifest.xml:38:13-36
59        </activity>
60        <activity
60-->src\main\AndroidManifest.xml:40:9-43:20
61            android:name="com.circle.w3s.sample.wallet.HomePageActivity"
61-->src\main\AndroidManifest.xml:41:13-45
62            android:exported="true" >
62-->src\main\AndroidManifest.xml:42:13-36
63        </activity>
64        <activity
64-->src\main\AndroidManifest.xml:44:9-47:20
65            android:name="com.circle.w3s.sample.wallet.AcquireSessionTokenExistingUser"
65-->src\main\AndroidManifest.xml:45:13-60
66            android:exported="true" >
66-->src\main\AndroidManifest.xml:46:13-36
67        </activity>
68        <activity
68-->src\main\AndroidManifest.xml:48:9-51:20
69            android:name="com.circle.w3s.sample.wallet.SendTokenActivity"
69-->src\main\AndroidManifest.xml:49:13-46
70            android:exported="true" >
70-->src\main\AndroidManifest.xml:50:13-36
71        </activity>
72        <activity
72-->src\main\AndroidManifest.xml:52:9-55:20
73            android:name="com.circle.w3s.sample.wallet.TransactionsActivity"
73-->src\main\AndroidManifest.xml:53:13-49
74            android:exported="true" >
74-->src\main\AndroidManifest.xml:54:13-36
75        </activity>
76        <activity
76-->[circle.programmablewallet:sdk:1.0.873] AndroidManifest.xml:14:9-21:20
77            android:name="circle.programmablewallet.sdk.internal.presentation.ui.PWalletAppActivity"
77-->[circle.programmablewallet:sdk:1.0.873] AndroidManifest.xml:15:13-101
78            android:excludeFromRecents="true"
78-->[circle.programmablewallet:sdk:1.0.873] AndroidManifest.xml:16:13-46
79            android:screenOrientation="portrait"
79-->[circle.programmablewallet:sdk:1.0.873] AndroidManifest.xml:17:13-49
80            android:taskAffinity=""
80-->[circle.programmablewallet:sdk:1.0.873] AndroidManifest.xml:18:13-36
81            android:windowSoftInputMode="adjustPan" >
81-->[circle.programmablewallet:sdk:1.0.873] AndroidManifest.xml:19:13-52
82        </activity>
83
84        <provider
84-->[androidx.emoji2:emoji2:1.2.0] AndroidManifest.xml:24:9-32:20
85            android:name="androidx.startup.InitializationProvider"
85-->[androidx.emoji2:emoji2:1.2.0] AndroidManifest.xml:25:13-67
86            android:authorities="com.circle.w3s.sample.wallet.androidx-startup"
86-->[androidx.emoji2:emoji2:1.2.0] AndroidManifest.xml:26:13-68
87            android:exported="false" >
87-->[androidx.emoji2:emoji2:1.2.0] AndroidManifest.xml:27:13-37
88            <meta-data
88-->[androidx.emoji2:emoji2:1.2.0] AndroidManifest.xml:29:13-31:52
89                android:name="androidx.emoji2.text.EmojiCompatInitializer"
89-->[androidx.emoji2:emoji2:1.2.0] AndroidManifest.xml:30:17-75
90                android:value="androidx.startup" />
90-->[androidx.emoji2:emoji2:1.2.0] AndroidManifest.xml:31:17-49
91            <meta-data
91-->[androidx.lifecycle:lifecycle-process:2.6.1] AndroidManifest.xml:29:13-31:52
92                android:name="androidx.lifecycle.ProcessLifecycleInitializer"
92-->[androidx.lifecycle:lifecycle-process:2.6.1] AndroidManifest.xml:30:17-78
93                android:value="androidx.startup" />
93-->[androidx.lifecycle:lifecycle-process:2.6.1] AndroidManifest.xml:31:17-49
94            <meta-data
94-->[androidx.profileinstaller:profileinstaller:1.3.0] AndroidManifest.xml:29:13-31:52
95                android:name="androidx.profileinstaller.ProfileInstallerInitializer"
95-->[androidx.profileinstaller:profileinstaller:1.3.0] AndroidManifest.xml:30:17-85
96                android:value="androidx.startup" />
96-->[androidx.profileinstaller:profileinstaller:1.3.0] AndroidManifest.xml:31:17-49
97        </provider>
98
99        <uses-library
99-->[androidx.window:window:1.0.0] AndroidManifest.xml:25:9-27:40
100            android:name="androidx.window.extensions"
100-->[androidx.window:window:1.0.0] AndroidManifest.xml:26:13-54
101            android:required="false" />
101-->[androidx.window:window:1.0.0] AndroidManifest.xml:27:13-37
102        <uses-library
102-->[androidx.window:window:1.0.0] AndroidManifest.xml:28:9-30:40
103            android:name="androidx.window.sidecar"
103-->[androidx.window:window:1.0.0] AndroidManifest.xml:29:13-51
104            android:required="false" />
104-->[androidx.window:window:1.0.0] AndroidManifest.xml:30:13-37
105
106        <receiver
106-->[androidx.profileinstaller:profileinstaller:1.3.0] AndroidManifest.xml:34:9-52:20
107            android:name="androidx.profileinstaller.ProfileInstallReceiver"
107-->[androidx.profileinstaller:profileinstaller:1.3.0] AndroidManifest.xml:35:13-76
108            android:directBootAware="false"
108-->[androidx.profileinstaller:profileinstaller:1.3.0] AndroidManifest.xml:36:13-44
109            android:enabled="true"
109-->[androidx.profileinstaller:profileinstaller:1.3.0] AndroidManifest.xml:37:13-35
110            android:exported="true"
110-->[androidx.profileinstaller:profileinstaller:1.3.0] AndroidManifest.xml:38:13-36
111            android:permission="android.permission.DUMP" >
111-->[androidx.profileinstaller:profileinstaller:1.3.0] AndroidManifest.xml:39:13-57
112            <intent-filter>
112-->[androidx.profileinstaller:profileinstaller:1.3.0] AndroidManifest.xml:40:13-42:29
113                <action android:name="androidx.profileinstaller.action.INSTALL_PROFILE" />
113-->[androidx.profileinstaller:profileinstaller:1.3.0] AndroidManifest.xml:41:17-91
113-->[androidx.profileinstaller:profileinstaller:1.3.0] AndroidManifest.xml:41:25-88
114            </intent-filter>
115            <intent-filter>
115-->[androidx.profileinstaller:profileinstaller:1.3.0] AndroidManifest.xml:43:13-45:29
116                <action android:name="androidx.profileinstaller.action.SKIP_FILE" />
116-->[androidx.profileinstaller:profileinstaller:1.3.0] AndroidManifest.xml:44:17-85
116-->[androidx.profileinstaller:profileinstaller:1.3.0] AndroidManifest.xml:44:25-82
117            </intent-filter>
118            <intent-filter>
118-->[androidx.profileinstaller:profileinstaller:1.3.0] AndroidManifest.xml:46:13-48:29
119                <action android:name="androidx.profileinstaller.action.SAVE_PROFILE" />
119-->[androidx.profileinstaller:profileinstaller:1.3.0] AndroidManifest.xml:47:17-88
119-->[androidx.profileinstaller:profileinstaller:1.3.0] AndroidManifest.xml:47:25-85
120            </intent-filter>
121            <intent-filter>
121-->[androidx.profileinstaller:profileinstaller:1.3.0] AndroidManifest.xml:49:13-51:29
122                <action android:name="androidx.profileinstaller.action.BENCHMARK_OPERATION" />
122-->[androidx.profileinstaller:profileinstaller:1.3.0] AndroidManifest.xml:50:17-95
122-->[androidx.profileinstaller:profileinstaller:1.3.0] AndroidManifest.xml:50:25-92
123            </intent-filter>
124        </receiver>
125    </application>
126
127</manifest>